{"/data/projects/ppt/coupon-management/src/config/db.ts": {"path":"/data/projects/ppt/coupon-management/src/config/db.ts","statementMap":{"0":{"start":{"line":2,"column":13},"end":{"line":8,"column":2}},"1":{"start":{"line":11,"column":0},"end":{"line":13,"column":1}},"2":{"start":{"line":12,"column":4},"end":{"line":12,"column":77}}},"fnMap":{},"branchMap":{"0":{"loc":{"start":{"line":3,"column":10},"end":{"line":3,"column":44}},"type":"binary-expr","locations":[{"start":{"line":3,"column":10},"end":{"line":3,"column":29}},{"start":{"line":3,"column":33},"end":{"line":3,"column":44}}]},"1":{"loc":{"start":{"line":4,"column":10},"end":{"line":4,"column":39}},"type":"binary-expr","locations":[{"start":{"line":4,"column":10},"end":{"line":4,"column":29}},{"start":{"line":4,"column":33},"end":{"line":4,"column":39}}]},"2":{"loc":{"start":{"line":5,"column":14},"end":{"line":5,"column":43}},"type":"binary-expr","locations":[{"start":{"line":5,"column":14},"end":{"line":5,"column":37}},{"start":{"line":5,"column":41},"end":{"line":5,"column":43}}]},"3":{"loc":{"start":{"line":6,"column":14},"end":{"line":6,"column":39}},"type":"binary-expr","locations":[{"start":{"line":6,"column":14},"end":{"line":6,"column":33}},{"start":{"line":6,"column":37},"end":{"line":6,"column":39}}]},"4":{"loc":{"start":{"line":7,"column":19},"end":{"line":7,"column":48}},"type":"binary-expr","locations":[{"start":{"line":7,"column":19},"end":{"line":7,"column":38}},{"start":{"line":7,"column":42},"end":{"line":7,"column":48}}]},"5":{"loc":{"start":{"line":11,"column":0},"end":{"line":13,"column":1}},"type":"if","locations":[{"start":{"line":11,"column":0},"end":{"line":13,"column":1}}]},"6":{"loc":{"start":{"line":11,"column":4},"end":{"line":11,"column":84}},"type":"binary-expr","locations":[{"start":{"line":11,"column":4},"end":{"line":11,"column":19}},{"start":{"line":11,"column":23},"end":{"line":11,"column":38}},{"start":{"line":11,"column":42},"end":{"line":11,"column":61}},{"start":{"line":11,"column":65},"end":{"line":11,"column":84}}]}},"s":{"0":2,"1":2,"2":0},"f":{},"b":{"0":[2,0],"1":[2,0],"2":[2,0],"3":[2,0],"4":[2,0],"5":[0],"6":[2,2,2,2]}}
,"/data/projects/ppt/coupon-management/src/config/index.ts": {"path":"/data/projects/ppt/coupon-management/src/config/index.ts","statementMap":{"0":{"start":{"line":1,"column":0},"end":{"line":1,"column":20}}},"fnMap":{},"branchMap":{},"s":{"0":2},"f":{},"b":{}}
,"/data/projects/ppt/coupon-management/src/db/db.conn.ts": {"path":"/data/projects/ppt/coupon-management/src/db/db.conn.ts","statementMap":{"0":{"start":{"line":1,"column":0},"end":{"line":1,"column":38}},"1":{"start":{"line":2,"column":0},"end":{"line":2,"column":38}},"2":{"start":{"line":9,"column":4},"end":{"line":35,"column":7}},"3":{"start":{"line":38,"column":4},"end":{"line":50,"column":9}},"4":{"start":{"line":41,"column":8},"end":{"line":43,"column":10}},"5":{"start":{"line":46,"column":8},"end":{"line":49,"column":10}},"6":{"start":{"line":55,"column":11},"end":{"line":55,"column":25}},"7":{"start":{"line":56,"column":0},"end":{"line":56,"column":null}},"8":{"start":{"line":57,"column":13},"end":{"line":57,"column":32}}},"fnMap":{"0":{"name":"(anonymous_0)","decl":{"start":{"line":7,"column":2},"end":{"line":7,"column":null}},"loc":{"start":{"line":7,"column":2},"end":{"line":51,"column":3}}},"1":{"name":"(anonymous_1)","decl":{"start":{"line":40,"column":12},"end":{"line":40,"column":15}},"loc":{"start":{"line":40,"column":17},"end":{"line":44,"column":7}}},"2":{"name":"(anonymous_2)","decl":{"start":{"line":45,"column":13},"end":{"line":45,"column":14}},"loc":{"start":{"line":45,"column":28},"end":{"line":50,"column":7}}}},"branchMap":{},"s":{"0":2,"1":2,"2":2,"3":2,"4":0,"5":0,"6":2,"7":2,"8":2},"f":{"0":2,"1":0,"2":0},"b":{}}
,"/data/projects/ppt/coupon-management/src/models/bxgy_coupons_rules/bxgy_coupons_rules.ts": {"path":"/data/projects/ppt/coupon-management/src/models/bxgy_coupons_rules/bxgy_coupons_rules.ts","statementMap":{"0":{"start":{"line":1,"column":0},"end":{"line":1,"column":44}},"1":{"start":{"line":2,"column":0},"end":{"line":2,"column":45}},"2":{"start":{"line":3,"column":0},"end":{"line":3,"column":50}},"3":{"start":{"line":5,"column":0},"end":{"line":5,"column":56}},"4":{"start":{"line":9,"column":19},"end":{"line":9,"column":47}},"5":{"start":{"line":11,"column":19},"end":{"line":34,"column":2}},"6":{"start":{"line":36,"column":29},"end":{"line":36,"column":94}},"7":{"start":{"line":39,"column":13},"end":{"line":39,"column":58}}},"fnMap":{},"branchMap":{},"s":{"0":1,"1":1,"2":1,"3":1,"4":1,"5":1,"6":1,"7":1},"f":{},"b":{}}
,"/data/projects/ppt/coupon-management/src/models/cart_coupons_rules/cart_coupons_rules.ts": {"path":"/data/projects/ppt/coupon-management/src/models/cart_coupons_rules/cart_coupons_rules.ts","statementMap":{"0":{"start":{"line":1,"column":0},"end":{"line":1,"column":45}},"1":{"start":{"line":3,"column":0},"end":{"line":3,"column":50}},"2":{"start":{"line":4,"column":0},"end":{"line":4,"column":44}},"3":{"start":{"line":8,"column":19},"end":{"line":8,"column":41}},"4":{"start":{"line":10,"column":19},"end":{"line":38,"column":2}},"5":{"start":{"line":42,"column":29},"end":{"line":42,"column":94}},"6":{"start":{"line":45,"column":13},"end":{"line":45,"column":58}}},"fnMap":{},"branchMap":{},"s":{"0":1,"1":1,"2":1,"3":1,"4":1,"5":1,"6":1},"f":{},"b":{}}
,"/data/projects/ppt/coupon-management/src/models/coupon/coupon.model.ts": {"path":"/data/projects/ppt/coupon-management/src/models/coupon/coupon.model.ts","statementMap":{"0":{"start":{"line":4,"column":0},"end":{"line":4,"column":44}},"1":{"start":{"line":5,"column":0},"end":{"line":5,"column":45}},"2":{"start":{"line":6,"column":0},"end":{"line":6,"column":50}},"3":{"start":{"line":7,"column":0},"end":{"line":7,"column":58}},"4":{"start":{"line":8,"column":0},"end":{"line":8,"column":81}},"5":{"start":{"line":9,"column":0},"end":{"line":9,"column":90}},"6":{"start":{"line":10,"column":0},"end":{"line":10,"column":81}},"7":{"start":{"line":14,"column":19},"end":{"line":14,"column":36}},"8":{"start":{"line":16,"column":19},"end":{"line":59,"column":2}},"9":{"start":{"line":61,"column":19},"end":{"line":61,"column":74}},"10":{"start":{"line":65,"column":0},"end":{"line":65,"column":70}},"11":{"start":{"line":66,"column":0},"end":{"line":66,"column":73}},"12":{"start":{"line":67,"column":0},"end":{"line":67,"column":71}},"13":{"start":{"line":70,"column":13},"end":{"line":70,"column":38}}},"fnMap":{},"branchMap":{},"s":{"0":1,"1":1,"2":1,"3":1,"4":1,"5":1,"6":1,"7":1,"8":1,"9":1,"10":1,"11":1,"12":1,"13":1},"f":{},"b":{}}
,"/data/projects/ppt/coupon-management/src/models/product_coupons_rules/product_coupons_rules.ts": {"path":"/data/projects/ppt/coupon-management/src/models/product_coupons_rules/product_coupons_rules.ts","statementMap":{"0":{"start":{"line":1,"column":0},"end":{"line":1,"column":45}},"1":{"start":{"line":3,"column":0},"end":{"line":3,"column":50}},"2":{"start":{"line":4,"column":0},"end":{"line":4,"column":44}},"3":{"start":{"line":8,"column":19},"end":{"line":8,"column":50}},"4":{"start":{"line":10,"column":19},"end":{"line":38,"column":2}},"5":{"start":{"line":40,"column":32},"end":{"line":40,"column":100}},"6":{"start":{"line":44,"column":13},"end":{"line":44,"column":64}}},"fnMap":{},"branchMap":{},"s":{"0":1,"1":1,"2":1,"3":1,"4":1,"5":1,"6":1},"f":{},"b":{}}
,"/data/projects/ppt/coupon-management/src/modules/coupon/coupon.controller.ts": {"path":"/data/projects/ppt/coupon-management/src/modules/coupon/coupon.controller.ts","statementMap":{"0":{"start":{"line":2,"column":0},"end":{"line":2,"column":45}},"1":{"start":{"line":3,"column":0},"end":{"line":3,"column":61}},"2":{"start":{"line":4,"column":0},"end":{"line":4,"column":54}},"3":{"start":{"line":5,"column":0},"end":{"line":5,"column":85}},"4":{"start":{"line":21,"column":4},"end":{"line":34,"column":5}},"5":{"start":{"line":22,"column":21},"end":{"line":22,"column":63}},"6":{"start":{"line":23,"column":6},"end":{"line":27,"column":9}},"7":{"start":{"line":29,"column":6},"end":{"line":33,"column":9}},"8":{"start":{"line":45,"column":4},"end":{"line":58,"column":5}},"9":{"start":{"line":46,"column":22},"end":{"line":46,"column":57}},"10":{"start":{"line":47,"column":6},"end":{"line":51,"column":9}},"11":{"start":{"line":53,"column":6},"end":{"line":57,"column":9}},"12":{"start":{"line":69,"column":4},"end":{"line":83,"column":5}},"13":{"start":{"line":70,"column":23},"end":{"line":70,"column":31}},"14":{"start":{"line":71,"column":32},"end":{"line":71,"column":78}},"15":{"start":{"line":72,"column":6},"end":{"line":76,"column":9}},"16":{"start":{"line":78,"column":6},"end":{"line":82,"column":9}},"17":{"start":{"line":94,"column":4},"end":{"line":109,"column":5}},"18":{"start":{"line":95,"column":23},"end":{"line":95,"column":31}},"19":{"start":{"line":96,"column":23},"end":{"line":96,"column":46}},"20":{"start":{"line":97,"column":26},"end":{"line":97,"column":73}},"21":{"start":{"line":98,"column":6},"end":{"line":102,"column":9}},"22":{"start":{"line":104,"column":6},"end":{"line":108,"column":9}},"23":{"start":{"line":116,"column":4},"end":{"line":129,"column":5}},"24":{"start":{"line":117,"column":23},"end":{"line":117,"column":46}},"25":{"start":{"line":118,"column":6},"end":{"line":118,"column":49}},"26":{"start":{"line":119,"column":6},"end":{"line":122,"column":9}},"27":{"start":{"line":124,"column":6},"end":{"line":128,"column":9}},"28":{"start":{"line":136,"column":4},"end":{"line":150,"column":5}},"29":{"start":{"line":137,"column":23},"end":{"line":137,"column":46}},"30":{"start":{"line":138,"column":19},"end":{"line":138,"column":58}},"31":{"start":{"line":139,"column":6},"end":{"line":143,"column":9}},"32":{"start":{"line":145,"column":6},"end":{"line":149,"column":9}},"33":{"start":{"line":158,"column":4},"end":{"line":180,"column":5}},"34":{"start":{"line":159,"column":23},"end":{"line":159,"column":44}},"35":{"start":{"line":160,"column":6},"end":{"line":165,"column":7}},"36":{"start":{"line":161,"column":8},"end":{"line":164,"column":11}},"37":{"start":{"line":167,"column":26},"end":{"line":167,"column":34}},"38":{"start":{"line":168,"column":6},"end":{"line":168,"column":62}},"39":{"start":{"line":170,"column":6},"end":{"line":173,"column":9}},"40":{"start":{"line":175,"column":6},"end":{"line":179,"column":9}},"41":{"start":{"line":184,"column":0},"end":{"line":184,"column":38}}},"fnMap":{"0":{"name":"(anonymous_8)","decl":{"start":{"line":9,"column":2},"end":{"line":9,"column":null}},"loc":{"start":{"line":9,"column":2},"end":{"line":11,"column":3}}},"1":{"name":"(anonymous_9)","decl":{"start":{"line":20,"column":8},"end":{"line":20,"column":20}},"loc":{"start":{"line":20,"column":48},"end":{"line":35,"column":null}}},"2":{"name":"(anonymous_11)","decl":{"start":{"line":44,"column":8},"end":{"line":44,"column":21}},"loc":{"start":{"line":44,"column":49},"end":{"line":59,"column":null}}},"3":{"name":"(anonymous_13)","decl":{"start":{"line":68,"column":8},"end":{"line":68,"column":28}},"loc":{"start":{"line":68,"column":56},"end":{"line":84,"column":null}}},"4":{"name":"(anonymous_15)","decl":{"start":{"line":93,"column":8},"end":{"line":93,"column":19}},"loc":{"start":{"line":93,"column":47},"end":{"line":110,"column":null}}},"5":{"name":"(anonymous_17)","decl":{"start":{"line":115,"column":8},"end":{"line":115,"column":20}},"loc":{"start":{"line":115,"column":48},"end":{"line":130,"column":null}}},"6":{"name":"(anonymous_19)","decl":{"start":{"line":135,"column":8},"end":{"line":135,"column":17}},"loc":{"start":{"line":135,"column":45},"end":{"line":151,"column":null}}},"7":{"name":"(anonymous_21)","decl":{"start":{"line":157,"column":8},"end":{"line":157,"column":20}},"loc":{"start":{"line":157,"column":48},"end":{"line":181,"column":null}}}},"branchMap":{"0":{"loc":{"start":{"line":142,"column":14},"end":{"line":142,"column":26}},"type":"binary-expr","locations":[{"start":{"line":142,"column":14},"end":{"line":142,"column":20}},{"start":{"line":142,"column":24},"end":{"line":142,"column":26}}]},"1":{"loc":{"start":{"line":160,"column":6},"end":{"line":165,"column":7}},"type":"if","locations":[{"start":{"line":160,"column":6},"end":{"line":165,"column":7}}]}},"s":{"0":1,"1":1,"2":1,"3":1,"4":2,"5":2,"6":1,"7":1,"8":0,"9":0,"10":0,"11":0,"12":0,"13":0,"14":0,"15":0,"16":0,"17":0,"18":0,"19":0,"20":0,"21":0,"22":0,"23":0,"24":0,"25":0,"26":0,"27":0,"28":0,"29":0,"30":0,"31":0,"32":0,"33":0,"34":0,"35":0,"36":0,"37":0,"38":0,"39":0,"40":0,"41":1},"f":{"0":1,"1":2,"2":0,"3":0,"4":0,"5":0,"6":0,"7":0},"b":{"0":[0,0],"1":[0]}}
,"/data/projects/ppt/coupon-management/src/modules/coupon/coupon.helper.ts": {"path":"/data/projects/ppt/coupon-management/src/modules/coupon/coupon.helper.ts","statementMap":{"0":{"start":{"line":1,"column":0},"end":{"line":1,"column":44}},"1":{"start":{"line":2,"column":0},"end":{"line":2,"column":68}},"2":{"start":{"line":3,"column":0},"end":{"line":3,"column":91}},"3":{"start":{"line":4,"column":0},"end":{"line":4,"column":91}},"4":{"start":{"line":5,"column":0},"end":{"line":5,"column":63}},"5":{"start":{"line":6,"column":0},"end":{"line":6,"column":100}},"6":{"start":{"line":23,"column":6},"end":{"line":76,"column":7}},"7":{"start":{"line":25,"column":12},"end":{"line":33,"column":13}},"8":{"start":{"line":26,"column":15},"end":{"line":32,"column":17}},"9":{"start":{"line":34,"column":12},"end":{"line":34,"column":18}},"10":{"start":{"line":37,"column":12},"end":{"line":45,"column":13}},"11":{"start":{"line":38,"column":15},"end":{"line":44,"column":17}},"12":{"start":{"line":46,"column":12},"end":{"line":46,"column":18}},"13":{"start":{"line":49,"column":12},"end":{"line":74,"column":13}},"14":{"start":{"line":50,"column":15},"end":{"line":61,"column":18}},"15":{"start":{"line":52,"column":21},"end":{"line":58,"column":null}},"16":{"start":{"line":62,"column":15},"end":{"line":73,"column":18}},"17":{"start":{"line":64,"column":21},"end":{"line":70,"column":null}},"18":{"start":{"line":75,"column":12},"end":{"line":75,"column":18}},"19":{"start":{"line":87,"column":6},"end":{"line":150,"column":7}},"20":{"start":{"line":89,"column":12},"end":{"line":101,"column":13}},"21":{"start":{"line":90,"column":15},"end":{"line":93,"column":18}},"22":{"start":{"line":94,"column":15},"end":{"line":100,"column":17}},"23":{"start":{"line":102,"column":12},"end":{"line":102,"column":18}},"24":{"start":{"line":105,"column":12},"end":{"line":117,"column":13}},"25":{"start":{"line":106,"column":15},"end":{"line":109,"column":18}},"26":{"start":{"line":110,"column":15},"end":{"line":116,"column":17}},"27":{"start":{"line":118,"column":12},"end":{"line":118,"column":18}},"28":{"start":{"line":121,"column":12},"end":{"line":148,"column":13}},"29":{"start":{"line":122,"column":15},"end":{"line":125,"column":18}},"30":{"start":{"line":126,"column":15},"end":{"line":147,"column":18}},"31":{"start":{"line":128,"column":21},"end":{"line":134,"column":null}},"32":{"start":{"line":138,"column":21},"end":{"line":144,"column":null}},"33":{"start":{"line":149,"column":12},"end":{"line":149,"column":18}},"34":{"start":{"line":157,"column":6},"end":{"line":247,"column":7}},"35":{"start":{"line":158,"column":29},"end":{"line":158,"column":39}},"36":{"start":{"line":161,"column":28},"end":{"line":165,"column":null}},"37":{"start":{"line":162,"column":35},"end":{"line":165,"column":14}},"38":{"start":{"line":169,"column":25},"end":{"line":190,"column":11}},"39":{"start":{"line":192,"column":36},"end":{"line":242,"column":47}},"40":{"start":{"line":192,"column":89},"end":{"line":242,"column":11}},"41":{"start":{"line":193,"column":29},"end":{"line":193,"column":90}},"42":{"start":{"line":193,"column":70},"end":{"line":193,"column":89}},"43":{"start":{"line":194,"column":29},"end":{"line":194,"column":90}},"44":{"start":{"line":194,"column":70},"end":{"line":194,"column":89}},"45":{"start":{"line":196,"column":32},"end":{"line":196,"column":33}},"46":{"start":{"line":199,"column":51},"end":{"line":202,"column":14}},"47":{"start":{"line":200,"column":34},"end":{"line":200,"column":68}},"48":{"start":{"line":201,"column":15},"end":{"line":201,"column":76}},"49":{"start":{"line":204,"column":12},"end":{"line":229,"column":13}},"50":{"start":{"line":206,"column":39},"end":{"line":210,"column":null}},"51":{"start":{"line":208,"column":40},"end":{"line":208,"column":74}},"52":{"start":{"line":209,"column":21},"end":{"line":209,"column":87}},"53":{"start":{"line":214,"column":39},"end":{"line":214,"column":74}},"54":{"start":{"line":215,"column":45},"end":{"line":215,"column":87}},"55":{"start":{"line":218,"column":15},"end":{"line":228,"column":18}},"56":{"start":{"line":219,"column":37},"end":{"line":219,"column":71}},"57":{"start":{"line":221,"column":18},"end":{"line":227,"column":19}},"58":{"start":{"line":222,"column":44},"end":{"line":222,"column":84}},"59":{"start":{"line":223,"column":45},"end":{"line":223,"column":90}},"60":{"start":{"line":226,"column":21},"end":{"line":226,"column":73}},"61":{"start":{"line":232,"column":12},"end":{"line":241,"column":13}},"62":{"start":{"line":233,"column":15},"end":{"line":238,"column":17}},"63":{"start":{"line":240,"column":15},"end":{"line":240,"column":27}},"64":{"start":{"line":242,"column":31},"end":{"line":242,"column":46}},"65":{"start":{"line":243,"column":9},"end":{"line":243,"column":35}},"66":{"start":{"line":245,"column":9},"end":{"line":245,"column":73}},"67":{"start":{"line":246,"column":9},"end":{"line":246,"column":21}},"68":{"start":{"line":254,"column":6},"end":{"line":318,"column":7}},"69":{"start":{"line":255,"column":27},"end":{"line":255,"column":98}},"70":{"start":{"line":255,"column":60},"end":{"line":255,"column":94}},"71":{"start":{"line":256,"column":29},"end":{"line":256,"column":39}},"72":{"start":{"line":257,"column":25},"end":{"line":284,"column":11}},"73":{"start":{"line":286,"column":36},"end":{"line":312,"column":11}},"74":{"start":{"line":287,"column":12},"end":{"line":287,"column":null}},"75":{"start":{"line":288,"column":25},"end":{"line":288,"column":50}},"76":{"start":{"line":289,"column":27},"end":{"line":289,"column":28}},"77":{"start":{"line":289,"column":30},"end":{"line":289,"column":null}},"78":{"start":{"line":291,"column":12},"end":{"line":304,"column":13}},"79":{"start":{"line":293,"column":15},"end":{"line":303,"column":16}},"80":{"start":{"line":294,"column":18},"end":{"line":294,"column":57}},"81":{"start":{"line":297,"column":18},"end":{"line":297,"column":77}},"82":{"start":{"line":300,"column":18},"end":{"line":302,"column":19}},"83":{"start":{"line":301,"column":21},"end":{"line":301,"column":58}},"84":{"start":{"line":306,"column":12},"end":{"line":311,"column":14}},"85":{"start":{"line":314,"column":9},"end":{"line":314,"column":35}},"86":{"start":{"line":316,"column":9},"end":{"line":316,"column":73}},"87":{"start":{"line":317,"column":9},"end":{"line":317,"column":19}},"88":{"start":{"line":325,"column":6},"end":{"line":392,"column":7}},"89":{"start":{"line":326,"column":29},"end":{"line":326,"column":39}},"90":{"start":{"line":329,"column":28},"end":{"line":333,"column":null}},"91":{"start":{"line":330,"column":35},"end":{"line":333,"column":14}},"92":{"start":{"line":336,"column":25},"end":{"line":358,"column":11}},"93":{"start":{"line":359,"column":36},"end":{"line":386,"column":11}},"94":{"start":{"line":360,"column":25},"end":{"line":360,"column":52}},"95":{"start":{"line":361,"column":27},"end":{"line":361,"column":28}},"96":{"start":{"line":363,"column":12},"end":{"line":378,"column":13}},"97":{"start":{"line":364,"column":38},"end":{"line":364,"column":69}},"98":{"start":{"line":365,"column":15},"end":{"line":377,"column":16}},"99":{"start":{"line":366,"column":35},"end":{"line":366,"column":81}},"100":{"start":{"line":367,"column":18},"end":{"line":376,"column":19}},"101":{"start":{"line":368,"column":21},"end":{"line":368,"column":60}},"102":{"start":{"line":371,"column":21},"end":{"line":371,"column":79}},"103":{"start":{"line":373,"column":21},"end":{"line":375,"column":22}},"104":{"start":{"line":374,"column":24},"end":{"line":374,"column":61}},"105":{"start":{"line":380,"column":12},"end":{"line":385,"column":14}},"106":{"start":{"line":388,"column":9},"end":{"line":388,"column":35}},"107":{"start":{"line":390,"column":9},"end":{"line":390,"column":76}},"108":{"start":{"line":391,"column":9},"end":{"line":391,"column":21}},"109":{"start":{"line":399,"column":23},"end":{"line":399,"column":47}},"110":{"start":{"line":400,"column":6},"end":{"line":400,"column":30}},"111":{"start":{"line":400,"column":21},"end":{"line":400,"column":30}},"112":{"start":{"line":402,"column":29},"end":{"line":402,"column":100}},"113":{"start":{"line":402,"column":62},"end":{"line":402,"column":96}},"114":{"start":{"line":404,"column":6},"end":{"line":413,"column":7}},"115":{"start":{"line":405,"column":9},"end":{"line":412,"column":10}},"116":{"start":{"line":407,"column":12},"end":{"line":407,"column":43}},"117":{"start":{"line":410,"column":29},"end":{"line":410,"column":77}},"118":{"start":{"line":411,"column":12},"end":{"line":411,"column":96}},"119":{"start":{"line":415,"column":6},"end":{"line":415,"column":15}},"120":{"start":{"line":422,"column":26},"end":{"line":422,"column":53}},"121":{"start":{"line":423,"column":6},"end":{"line":423,"column":33}},"122":{"start":{"line":423,"column":24},"end":{"line":423,"column":33}},"123":{"start":{"line":425,"column":26},"end":{"line":425,"column":27}},"124":{"start":{"line":427,"column":6},"end":{"line":441,"column":9}},"125":{"start":{"line":428,"column":9},"end":{"line":440,"column":10}},"126":{"start":{"line":429,"column":12},"end":{"line":438,"column":13}},"127":{"start":{"line":431,"column":15},"end":{"line":431,"column":80}},"128":{"start":{"line":434,"column":15},"end":{"line":434,"column":101}},"129":{"start":{"line":435,"column":15},"end":{"line":437,"column":16}},"130":{"start":{"line":436,"column":18},"end":{"line":436,"column":96}},"131":{"start":{"line":439,"column":12},"end":{"line":439,"column":49}},"132":{"start":{"line":443,"column":6},"end":{"line":443,"column":27}},"133":{"start":{"line":450,"column":23},"end":{"line":450,"column":84}},"134":{"start":{"line":450,"column":64},"end":{"line":450,"column":83}},"135":{"start":{"line":451,"column":23},"end":{"line":451,"column":84}},"136":{"start":{"line":451,"column":64},"end":{"line":451,"column":83}},"137":{"start":{"line":453,"column":26},"end":{"line":453,"column":27}},"138":{"start":{"line":456,"column":45},"end":{"line":459,"column":8}},"139":{"start":{"line":457,"column":28},"end":{"line":457,"column":91}},"140":{"start":{"line":457,"column":52},"end":{"line":457,"column":90}},"141":{"start":{"line":458,"column":9},"end":{"line":458,"column":70}},"142":{"start":{"line":461,"column":6},"end":{"line":490,"column":7}},"143":{"start":{"line":463,"column":33},"end":{"line":467,"column":null}},"144":{"start":{"line":465,"column":34},"end":{"line":465,"column":97}},"145":{"start":{"line":465,"column":58},"end":{"line":465,"column":96}},"146":{"start":{"line":466,"column":15},"end":{"line":466,"column":81}},"147":{"start":{"line":471,"column":33},"end":{"line":471,"column":68}},"148":{"start":{"line":472,"column":39},"end":{"line":472,"column":81}},"149":{"start":{"line":475,"column":9},"end":{"line":489,"column":12}},"150":{"start":{"line":476,"column":31},"end":{"line":476,"column":94}},"151":{"start":{"line":476,"column":55},"end":{"line":476,"column":93}},"152":{"start":{"line":478,"column":12},"end":{"line":488,"column":13}},"153":{"start":{"line":479,"column":38},"end":{"line":479,"column":78}},"154":{"start":{"line":480,"column":39},"end":{"line":480,"column":84}},"155":{"start":{"line":483,"column":15},"end":{"line":483,"column":78}},"156":{"start":{"line":484,"column":15},"end":{"line":484,"column":58}},"157":{"start":{"line":487,"column":15},"end":{"line":487,"column":54}},"158":{"start":{"line":492,"column":6},"end":{"line":492,"column":27}},"159":{"start":{"line":496,"column":0},"end":{"line":496,"column":34}}},"fnMap":{"0":{"name":"(anonymous_7)","decl":{"start":{"line":11,"column":3},"end":{"line":11,"column":null}},"loc":{"start":{"line":11,"column":3},"end":{"line":13,"column":4}}},"1":{"name":"(anonymous_8)","decl":{"start":{"line":18,"column":9},"end":{"line":18,"column":34}},"loc":{"start":{"line":21,"column":30},"end":{"line":77,"column":null}}},"2":{"name":"(anonymous_10)","decl":{"start":{"line":51,"column":63},"end":{"line":51,"column":64}},"loc":{"start":{"line":52,"column":21},"end":{"line":58,"column":null}}},"3":{"name":"(anonymous_11)","decl":{"start":{"line":63,"column":63},"end":{"line":63,"column":64}},"loc":{"start":{"line":64,"column":21},"end":{"line":70,"column":null}}},"4":{"name":"(anonymous_12)","decl":{"start":{"line":82,"column":9},"end":{"line":82,"column":34}},"loc":{"start":{"line":85,"column":30},"end":{"line":151,"column":null}}},"5":{"name":"(anonymous_14)","decl":{"start":{"line":127,"column":63},"end":{"line":127,"column":64}},"loc":{"start":{"line":128,"column":21},"end":{"line":134,"column":null}}},"6":{"name":"(anonymous_15)","decl":{"start":{"line":137,"column":63},"end":{"line":137,"column":64}},"loc":{"start":{"line":138,"column":21},"end":{"line":144,"column":null}}},"7":{"name":"(anonymous_16)","decl":{"start":{"line":156,"column":9},"end":{"line":156,"column":33}},"loc":{"start":{"line":156,"column":50},"end":{"line":248,"column":null}}},"8":{"name":"(anonymous_18)","decl":{"start":{"line":162,"column":27},"end":{"line":162,"column":31}},"loc":{"start":{"line":162,"column":35},"end":{"line":165,"column":14}}},"9":{"name":"(anonymous_19)","decl":{"start":{"line":192,"column":67},"end":{"line":192,"column":74}},"loc":{"start":{"line":192,"column":89},"end":{"line":242,"column":11}}},"10":{"name":"(anonymous_20)","decl":{"start":{"line":192,"column":89},"end":{"line":192,"column":null}},"loc":{"start":{"line":192,"column":89},"end":{"line":242,"column":10}}},"11":{"name":"(anonymous_21)","decl":{"start":{"line":193,"column":62},"end":{"line":193,"column":66}},"loc":{"start":{"line":193,"column":70},"end":{"line":193,"column":89}}},"12":{"name":"(anonymous_22)","decl":{"start":{"line":194,"column":62},"end":{"line":194,"column":66}},"loc":{"start":{"line":194,"column":70},"end":{"line":194,"column":89}}},"13":{"name":"(anonymous_23)","decl":{"start":{"line":199,"column":66},"end":{"line":199,"column":73}},"loc":{"start":{"line":199,"column":76},"end":{"line":202,"column":13}}},"14":{"name":"(anonymous_24)","decl":{"start":{"line":207,"column":34},"end":{"line":207,"column":41}},"loc":{"start":{"line":207,"column":44},"end":{"line":210,"column":19}}},"15":{"name":"(anonymous_25)","decl":{"start":{"line":218,"column":32},"end":{"line":218,"column":39}},"loc":{"start":{"line":218,"column":42},"end":{"line":228,"column":16}}},"16":{"name":"(anonymous_26)","decl":{"start":{"line":242,"column":21},"end":{"line":242,"column":27}},"loc":{"start":{"line":242,"column":31},"end":{"line":242,"column":46}}},"17":{"name":"(anonymous_27)","decl":{"start":{"line":253,"column":9},"end":{"line":253,"column":33}},"loc":{"start":{"line":253,"column":50},"end":{"line":319,"column":null}}},"18":{"name":"(anonymous_29)","decl":{"start":{"line":255,"column":45},"end":{"line":255,"column":46}},"loc":{"start":{"line":255,"column":60},"end":{"line":255,"column":94}}},"19":{"name":"(anonymous_30)","decl":{"start":{"line":286,"column":48},"end":{"line":286,"column":49}},"loc":{"start":{"line":286,"column":64},"end":{"line":312,"column":10}}},"20":{"name":"(anonymous_31)","decl":{"start":{"line":324,"column":9},"end":{"line":324,"column":36}},"loc":{"start":{"line":324,"column":53},"end":{"line":393,"column":null}}},"21":{"name":"(anonymous_33)","decl":{"start":{"line":330,"column":27},"end":{"line":330,"column":31}},"loc":{"start":{"line":330,"column":35},"end":{"line":333,"column":14}}},"22":{"name":"(anonymous_34)","decl":{"start":{"line":359,"column":48},"end":{"line":359,"column":49}},"loc":{"start":{"line":359,"column":64},"end":{"line":386,"column":10}}},"23":{"name":"(anonymous_35)","decl":{"start":{"line":398,"column":3},"end":{"line":398,"column":18}},"loc":{"start":{"line":398,"column":31},"end":{"line":416,"column":4}}},"24":{"name":"(anonymous_36)","decl":{"start":{"line":402,"column":47},"end":{"line":402,"column":48}},"loc":{"start":{"line":402,"column":62},"end":{"line":402,"column":96}}},"25":{"name":"(anonymous_37)","decl":{"start":{"line":421,"column":3},"end":{"line":421,"column":21}},"loc":{"start":{"line":421,"column":34},"end":{"line":444,"column":4}}},"26":{"name":"(anonymous_38)","decl":{"start":{"line":427,"column":25},"end":{"line":427,"column":29}},"loc":{"start":{"line":427,"column":32},"end":{"line":441,"column":7}}},"27":{"name":"(anonymous_39)","decl":{"start":{"line":449,"column":3},"end":{"line":449,"column":18}},"loc":{"start":{"line":449,"column":31},"end":{"line":493,"column":4}}},"28":{"name":"(anonymous_40)","decl":{"start":{"line":450,"column":56},"end":{"line":450,"column":60}},"loc":{"start":{"line":450,"column":64},"end":{"line":450,"column":83}}},"29":{"name":"(anonymous_41)","decl":{"start":{"line":451,"column":56},"end":{"line":451,"column":60}},"loc":{"start":{"line":451,"column":64},"end":{"line":451,"column":83}}},"30":{"name":"(anonymous_42)","decl":{"start":{"line":456,"column":60},"end":{"line":456,"column":67}},"loc":{"start":{"line":456,"column":70},"end":{"line":459,"column":7}}},"31":{"name":"(anonymous_43)","decl":{"start":{"line":457,"column":44},"end":{"line":457,"column":48}},"loc":{"start":{"line":457,"column":52},"end":{"line":457,"column":90}}},"32":{"name":"(anonymous_44)","decl":{"start":{"line":464,"column":28},"end":{"line":464,"column":35}},"loc":{"start":{"line":464,"column":38},"end":{"line":467,"column":13}}},"33":{"name":"(anonymous_45)","decl":{"start":{"line":465,"column":50},"end":{"line":465,"column":54}},"loc":{"start":{"line":465,"column":58},"end":{"line":465,"column":96}}},"34":{"name":"(anonymous_46)","decl":{"start":{"line":475,"column":26},"end":{"line":475,"column":33}},"loc":{"start":{"line":475,"column":36},"end":{"line":489,"column":10}}},"35":{"name":"(anonymous_47)","decl":{"start":{"line":476,"column":47},"end":{"line":476,"column":51}},"loc":{"start":{"line":476,"column":55},"end":{"line":476,"column":93}}}},"branchMap":{"0":{"loc":{"start":{"line":23,"column":6},"end":{"line":76,"column":7}},"type":"switch","locations":[{"start":{"line":24,"column":9},"end":{"line":34,"column":18}},{"start":{"line":36,"column":9},"end":{"line":46,"column":18}},{"start":{"line":48,"column":9},"end":{"line":75,"column":18}}]},"1":{"loc":{"start":{"line":25,"column":12},"end":{"line":33,"column":13}},"type":"if","locations":[{"start":{"line":25,"column":12},"end":{"line":33,"column":13}}]},"2":{"loc":{"start":{"line":37,"column":12},"end":{"line":45,"column":13}},"type":"if","locations":[{"start":{"line":37,"column":12},"end":{"line":45,"column":13}}]},"3":{"loc":{"start":{"line":49,"column":12},"end":{"line":74,"column":13}},"type":"if","locations":[{"start":{"line":49,"column":12},"end":{"line":74,"column":13}}]},"4":{"loc":{"start":{"line":87,"column":6},"end":{"line":150,"column":7}},"type":"switch","locations":[{"start":{"line":88,"column":9},"end":{"line":102,"column":18}},{"start":{"line":104,"column":9},"end":{"line":118,"column":18}},{"start":{"line":120,"column":9},"end":{"line":149,"column":18}}]},"5":{"loc":{"start":{"line":89,"column":12},"end":{"line":101,"column":13}},"type":"if","locations":[{"start":{"line":89,"column":12},"end":{"line":101,"column":13}}]},"6":{"loc":{"start":{"line":105,"column":12},"end":{"line":117,"column":13}},"type":"if","locations":[{"start":{"line":105,"column":12},"end":{"line":117,"column":13}}]},"7":{"loc":{"start":{"line":121,"column":12},"end":{"line":148,"column":13}},"type":"if","locations":[{"start":{"line":121,"column":12},"end":{"line":148,"column":13}}]},"8":{"loc":{"start":{"line":201,"column":22},"end":{"line":201,"column":75}},"type":"binary-expr","locations":[{"start":{"line":201,"column":22},"end":{"line":201,"column":32}},{"start":{"line":201,"column":36},"end":{"line":201,"column":75}}]},"9":{"loc":{"start":{"line":204,"column":12},"end":{"line":229,"column":13}},"type":"if","locations":[{"start":{"line":204,"column":12},"end":{"line":229,"column":13}}]},"10":{"loc":{"start":{"line":209,"column":40},"end":{"line":209,"column":65}},"type":"cond-expr","locations":[{"start":{"line":209,"column":60},"end":{"line":209,"column":64}},{"start":{"line":209,"column":64},"end":{"line":209,"column":65}}]},"11":{"loc":{"start":{"line":209,"column":40},"end":{"line":209,"column":64}},"type":"binary-expr","locations":[{"start":{"line":209,"column":40},"end":{"line":209,"column":64}},{"start":{"line":209,"column":60},"end":{"line":209,"column":64}}]},"12":{"loc":{"start":{"line":209,"column":40},"end":{"line":209,"column":60}},"type":"cond-expr","locations":[{"start":{"line":209,"column":50},"end":{"line":209,"column":52}},{"start":{"line":209,"column":40},"end":{"line":209,"column":60}}]},"13":{"loc":{"start":{"line":209,"column":40},"end":{"line":209,"column":52}},"type":"binary-expr","locations":[{"start":{"line":209,"column":40},"end":{"line":209,"column":52}},{"start":{"line":209,"column":40},"end":{"line":209,"column":52}}]},"14":{"loc":{"start":{"line":214,"column":39},"end":{"line":214,"column":74}},"type":"binary-expr","locations":[{"start":{"line":214,"column":39},"end":{"line":214,"column":62}},{"start":{"line":214,"column":66},"end":{"line":214,"column":74}}]},"15":{"loc":{"start":{"line":221,"column":18},"end":{"line":227,"column":19}},"type":"if","locations":[{"start":{"line":221,"column":18},"end":{"line":227,"column":19}}]},"16":{"loc":{"start":{"line":232,"column":12},"end":{"line":241,"column":13}},"type":"if","locations":[{"start":{"line":232,"column":12},"end":{"line":241,"column":13}},{"start":{"line":239,"column":19},"end":{"line":241,"column":13}}]},"17":{"loc":{"start":{"line":288,"column":25},"end":{"line":288,"column":50}},"type":"cond-expr","locations":[{"start":{"line":288,"column":31},"end":{"line":288,"column":33}},{"start":{"line":288,"column":25},"end":{"line":288,"column":50}}]},"18":{"loc":{"start":{"line":288,"column":25},"end":{"line":288,"column":33}},"type":"binary-expr","locations":[{"start":{"line":288,"column":25},"end":{"line":288,"column":33}},{"start":{"line":288,"column":25},"end":{"line":288,"column":33}}]},"19":{"loc":{"start":{"line":291,"column":12},"end":{"line":304,"column":13}},"type":"if","locations":[{"start":{"line":291,"column":12},"end":{"line":304,"column":13}}]},"20":{"loc":{"start":{"line":293,"column":15},"end":{"line":303,"column":16}},"type":"if","locations":[{"start":{"line":293,"column":15},"end":{"line":303,"column":16}},{"start":{"line":295,"column":22},"end":{"line":303,"column":16}}]},"21":{"loc":{"start":{"line":300,"column":18},"end":{"line":302,"column":19}},"type":"if","locations":[{"start":{"line":300,"column":18},"end":{"line":302,"column":19}}]},"22":{"loc":{"start":{"line":300,"column":22},"end":{"line":300,"column":71}},"type":"binary-expr","locations":[{"start":{"line":300,"column":22},"end":{"line":300,"column":39}},{"start":{"line":300,"column":43},"end":{"line":300,"column":71}}]},"23":{"loc":{"start":{"line":363,"column":12},"end":{"line":378,"column":13}},"type":"if","locations":[{"start":{"line":363,"column":12},"end":{"line":378,"column":13}}]},"24":{"loc":{"start":{"line":365,"column":15},"end":{"line":377,"column":16}},"type":"if","locations":[{"start":{"line":365,"column":15},"end":{"line":377,"column":16}}]},"25":{"loc":{"start":{"line":367,"column":18},"end":{"line":376,"column":19}},"type":"if","locations":[{"start":{"line":367,"column":18},"end":{"line":376,"column":19}},{"start":{"line":369,"column":25},"end":{"line":376,"column":19}}]},"26":{"loc":{"start":{"line":373,"column":21},"end":{"line":375,"column":22}},"type":"if","locations":[{"start":{"line":373,"column":21},"end":{"line":375,"column":22}}]},"27":{"loc":{"start":{"line":373,"column":25},"end":{"line":373,"column":74}},"type":"binary-expr","locations":[{"start":{"line":373,"column":25},"end":{"line":373,"column":42}},{"start":{"line":373,"column":46},"end":{"line":373,"column":74}}]},"28":{"loc":{"start":{"line":400,"column":6},"end":{"line":400,"column":30}},"type":"if","locations":[{"start":{"line":400,"column":6},"end":{"line":400,"column":30}}]},"29":{"loc":{"start":{"line":404,"column":6},"end":{"line":413,"column":7}},"type":"if","locations":[{"start":{"line":404,"column":6},"end":{"line":413,"column":7}}]},"30":{"loc":{"start":{"line":405,"column":9},"end":{"line":412,"column":10}},"type":"if","locations":[{"start":{"line":405,"column":9},"end":{"line":412,"column":10}},{"start":{"line":408,"column":16},"end":{"line":412,"column":10}}]},"31":{"loc":{"start":{"line":411,"column":19},"end":{"line":411,"column":95}},"type":"cond-expr","locations":[{"start":{"line":411,"column":43},"end":{"line":411,"column":84}},{"start":{"line":411,"column":87},"end":{"line":411,"column":95}}]},"32":{"loc":{"start":{"line":423,"column":6},"end":{"line":423,"column":33}},"type":"if","locations":[{"start":{"line":423,"column":6},"end":{"line":423,"column":33}}]},"33":{"loc":{"start":{"line":428,"column":9},"end":{"line":440,"column":10}},"type":"if","locations":[{"start":{"line":428,"column":9},"end":{"line":440,"column":10}}]},"34":{"loc":{"start":{"line":429,"column":12},"end":{"line":438,"column":13}},"type":"if","locations":[{"start":{"line":429,"column":12},"end":{"line":438,"column":13}},{"start":{"line":432,"column":19},"end":{"line":438,"column":13}}]},"35":{"loc":{"start":{"line":435,"column":15},"end":{"line":437,"column":16}},"type":"if","locations":[{"start":{"line":435,"column":15},"end":{"line":437,"column":16}}]},"36":{"loc":{"start":{"line":458,"column":16},"end":{"line":458,"column":69}},"type":"binary-expr","locations":[{"start":{"line":458,"column":16},"end":{"line":458,"column":26}},{"start":{"line":458,"column":30},"end":{"line":458,"column":69}}]},"37":{"loc":{"start":{"line":461,"column":6},"end":{"line":490,"column":7}},"type":"if","locations":[{"start":{"line":461,"column":6},"end":{"line":490,"column":7}}]},"38":{"loc":{"start":{"line":466,"column":34},"end":{"line":466,"column":59}},"type":"cond-expr","locations":[{"start":{"line":466,"column":54},"end":{"line":466,"column":58}},{"start":{"line":466,"column":58},"end":{"line":466,"column":59}}]},"39":{"loc":{"start":{"line":466,"column":34},"end":{"line":466,"column":58}},"type":"binary-expr","locations":[{"start":{"line":466,"column":34},"end":{"line":466,"column":58}},{"start":{"line":466,"column":54},"end":{"line":466,"column":58}}]},"40":{"loc":{"start":{"line":466,"column":34},"end":{"line":466,"column":54}},"type":"cond-expr","locations":[{"start":{"line":466,"column":44},"end":{"line":466,"column":46}},{"start":{"line":466,"column":34},"end":{"line":466,"column":54}}]},"41":{"loc":{"start":{"line":466,"column":34},"end":{"line":466,"column":46}},"type":"binary-expr","locations":[{"start":{"line":466,"column":34},"end":{"line":466,"column":46}},{"start":{"line":466,"column":34},"end":{"line":466,"column":46}}]},"42":{"loc":{"start":{"line":471,"column":33},"end":{"line":471,"column":68}},"type":"binary-expr","locations":[{"start":{"line":471,"column":33},"end":{"line":471,"column":56}},{"start":{"line":471,"column":60},"end":{"line":471,"column":68}}]},"43":{"loc":{"start":{"line":478,"column":12},"end":{"line":488,"column":13}},"type":"if","locations":[{"start":{"line":478,"column":12},"end":{"line":488,"column":13}}]}},"s":{"0":1,"1":1,"2":1,"3":1,"4":1,"5":1,"6":0,"7":0,"8":0,"9":0,"10":0,"11":0,"12":0,"13":0,"14":0,"15":0,"16":0,"17":0,"18":0,"19":0,"20":0,"21":0,"22":0,"23":0,"24":0,"25":0,"26":0,"27":0,"28":0,"29":0,"30":0,"31":0,"32":0,"33":0,"34":0,"35":0,"36":0,"37":0,"38":0,"39":0,"40":0,"41":0,"42":0,"43":0,"44":0,"45":0,"46":0,"47":0,"48":0,"49":0,"50":0,"51":0,"52":0,"53":0,"54":0,"55":0,"56":0,"57":0,"58":0,"59":0,"60":0,"61":0,"62":0,"63":0,"64":0,"65":0,"66":0,"67":0,"68":0,"69":0,"70":0,"71":0,"72":0,"73":0,"74":0,"75":0,"76":0,"77":0,"78":0,"79":0,"80":0,"81":0,"82":0,"83":0,"84":0,"85":0,"86":0,"87":0,"88":0,"89":0,"90":0,"91":0,"92":0,"93":0,"94":0,"95":0,"96":0,"97":0,"98":0,"99":0,"100":0,"101":0,"102":0,"103":0,"104":0,"105":0,"106":0,"107":0,"108":0,"109":0,"110":0,"111":0,"112":0,"113":0,"114":0,"115":0,"116":0,"117":0,"118":0,"119":0,"120":0,"121":0,"122":0,"123":0,"124":0,"125":0,"126":0,"127":0,"128":0,"129":0,"130":0,"131":0,"132":0,"133":0,"134":0,"135":0,"136":0,"137":0,"138":0,"139":0,"140":0,"141":0,"142":0,"143":0,"144":0,"145":0,"146":0,"147":0,"148":0,"149":0,"150":0,"151":0,"152":0,"153":0,"154":0,"155":0,"156":0,"157":0,"158":0,"159":1},"f":{"0":1,"1":0,"2":0,"3":0,"4":0,"5":0,"6":0,"7":0,"8":0,"9":0,"10":0,"11":0,"12":0,"13":0,"14":0,"15":0,"16":0,"17":0,"18":0,"19":0,"20":0,"21":0,"22":0,"23":0,"24":0,"25":0,"26":0,"27":0,"28":0,"29":0,"30":0,"31":0,"32":0,"33":0,"34":0,"35":0},"b":{"0":[0,0,0],"1":[0],"2":[0],"3":[0],"4":[0,0,0],"5":[0],"6":[0],"7":[0],"8":[0,0],"9":[0],"10":[0,0],"11":[0,0],"12":[0,0],"13":[0,0],"14":[0,0],"15":[0],"16":[0,0],"17":[0,0],"18":[0,0],"19":[0],"20":[0,0],"21":[0],"22":[0,0],"23":[0],"24":[0],"25":[0,0],"26":[0],"27":[0,0],"28":[0],"29":[0],"30":[0,0],"31":[0,0],"32":[0],"33":[0],"34":[0,0],"35":[0],"36":[0,0],"37":[0],"38":[0,0],"39":[0,0],"40":[0,0],"41":[0,0],"42":[0,0],"43":[0]}}
,"/data/projects/ppt/coupon-management/src/modules/coupon/coupon.service.ts": {"path":"/data/projects/ppt/coupon-management/src/modules/coupon/coupon.service.ts","statementMap":{"0":{"start":{"line":1,"column":0},"end":{"line":1,"column":31}},"1":{"start":{"line":2,"column":0},"end":{"line":2,"column":44}},"2":{"start":{"line":3,"column":0},"end":{"line":3,"column":63}},"3":{"start":{"line":4,"column":0},"end":{"line":4,"column":58}},"4":{"start":{"line":5,"column":0},"end":{"line":5,"column":91}},"5":{"start":{"line":6,"column":0},"end":{"line":6,"column":91}},"6":{"start":{"line":7,"column":0},"end":{"line":7,"column":100}},"7":{"start":{"line":9,"column":0},"end":{"line":9,"column":43}},"8":{"start":{"line":22,"column":26},"end":{"line":22,"column":54}},"9":{"start":{"line":23,"column":6},"end":{"line":47,"column":7}},"10":{"start":{"line":25,"column":24},"end":{"line":35,"column":null}},"11":{"start":{"line":39,"column":9},"end":{"line":39,"column":94}},"12":{"start":{"line":41,"column":9},"end":{"line":41,"column":36}},"13":{"start":{"line":42,"column":9},"end":{"line":42,"column":23}},"14":{"start":{"line":45,"column":9},"end":{"line":45,"column":38}},"15":{"start":{"line":46,"column":9},"end":{"line":46,"column":21}},"16":{"start":{"line":55,"column":6},"end":{"line":78,"column":7}},"17":{"start":{"line":56,"column":25},"end":{"line":74,"column":11}},"18":{"start":{"line":75,"column":9},"end":{"line":75,"column":24}},"19":{"start":{"line":77,"column":9},"end":{"line":77,"column":21}},"20":{"start":{"line":86,"column":6},"end":{"line":94,"column":7}},"21":{"start":{"line":87,"column":29},"end":{"line":87,"column":78}},"22":{"start":{"line":88,"column":32},"end":{"line":88,"column":84}},"23":{"start":{"line":89,"column":29},"end":{"line":89,"column":78}},"24":{"start":{"line":90,"column":9},"end":{"line":90,"column":null}},"25":{"start":{"line":91,"column":9},"end":{"line":91,"column":null}},"26":{"start":{"line":93,"column":9},"end":{"line":93,"column":21}},"27":{"start":{"line":101,"column":6},"end":{"line":172,"column":7}},"28":{"start":{"line":102,"column":29},"end":{"line":102,"column":39}},"29":{"start":{"line":105,"column":24},"end":{"line":117,"column":11}},"30":{"start":{"line":119,"column":9},"end":{"line":121,"column":10}},"31":{"start":{"line":120,"column":12},"end":{"line":120,"column":59}},"32":{"start":{"line":123,"column":29},"end":{"line":123,"column":30}},"33":{"start":{"line":124,"column":26},"end":{"line":124,"column":64}},"34":{"start":{"line":127,"column":28},"end":{"line":127,"column":106}},"35":{"start":{"line":127,"column":68},"end":{"line":127,"column":102}},"36":{"start":{"line":130,"column":9},"end":{"line":145,"column":10}},"37":{"start":{"line":132,"column":15},"end":{"line":132,"column":81}},"38":{"start":{"line":133,"column":15},"end":{"line":133,"column":21}},"39":{"start":{"line":136,"column":15},"end":{"line":136,"column":84}},"40":{"start":{"line":137,"column":15},"end":{"line":137,"column":21}},"41":{"start":{"line":140,"column":15},"end":{"line":140,"column":81}},"42":{"start":{"line":141,"column":15},"end":{"line":141,"column":21}},"43":{"start":{"line":144,"column":15},"end":{"line":144,"column":58}},"44":{"start":{"line":148,"column":9},"end":{"line":148,"column":61}},"45":{"start":{"line":151,"column":28},"end":{"line":151,"column":54}},"46":{"start":{"line":154,"column":26},"end":{"line":166,"column":11}},"47":{"start":{"line":156,"column":53},"end":{"line":161,"column":17}},"48":{"start":{"line":168,"column":9},"end":{"line":168,"column":25}},"49":{"start":{"line":170,"column":9},"end":{"line":170,"column":56}},"50":{"start":{"line":171,"column":9},"end":{"line":171,"column":21}},"51":{"start":{"line":179,"column":6},"end":{"line":188,"column":7}},"52":{"start":{"line":180,"column":9},"end":{"line":184,"column":12}},"53":{"start":{"line":186,"column":9},"end":{"line":186,"column":56}},"54":{"start":{"line":187,"column":9},"end":{"line":187,"column":21}},"55":{"start":{"line":195,"column":6},"end":{"line":221,"column":7}},"56":{"start":{"line":196,"column":9},"end":{"line":217,"column":12}},"57":{"start":{"line":219,"column":9},"end":{"line":219,"column":53}},"58":{"start":{"line":220,"column":9},"end":{"line":220,"column":21}},"59":{"start":{"line":228,"column":26},"end":{"line":228,"column":54}},"60":{"start":{"line":229,"column":6},"end":{"line":273,"column":7}},"61":{"start":{"line":232,"column":24},"end":{"line":237,"column":11}},"62":{"start":{"line":239,"column":9},"end":{"line":241,"column":10}},"63":{"start":{"line":240,"column":12},"end":{"line":240,"column":48}},"64":{"start":{"line":244,"column":31},"end":{"line":257,"column":null}},"65":{"start":{"line":260,"column":9},"end":{"line":262,"column":10}},"66":{"start":{"line":261,"column":12},"end":{"line":261,"column":48}},"67":{"start":{"line":265,"column":9},"end":{"line":265,"column":83}},"68":{"start":{"line":267,"column":9},"end":{"line":267,"column":36}},"69":{"start":{"line":268,"column":9},"end":{"line":268,"column":21}},"70":{"start":{"line":270,"column":9},"end":{"line":270,"column":38}},"71":{"start":{"line":271,"column":9},"end":{"line":271,"column":56}},"72":{"start":{"line":272,"column":9},"end":{"line":272,"column":21}},"73":{"start":{"line":276,"column":0},"end":{"line":276,"column":35}}},"fnMap":{"0":{"name":"(anonymous_8)","decl":{"start":{"line":13,"column":3},"end":{"line":13,"column":null}},"loc":{"start":{"line":13,"column":3},"end":{"line":15,"column":4}}},"1":{"name":"(anonymous_9)","decl":{"start":{"line":21,"column":9},"end":{"line":21,"column":21}},"loc":{"start":{"line":21,"column":40},"end":{"line":48,"column":null}}},"2":{"name":"(anonymous_11)","decl":{"start":{"line":54,"column":9},"end":{"line":54,"column":22}},"loc":{"start":{"line":54,"column":22},"end":{"line":79,"column":null}}},"3":{"name":"(anonymous_13)","decl":{"start":{"line":85,"column":9},"end":{"line":85,"column":29}},"loc":{"start":{"line":85,"column":46},"end":{"line":95,"column":null}}},"4":{"name":"(anonymous_15)","decl":{"start":{"line":100,"column":9},"end":{"line":100,"column":20}},"loc":{"start":{"line":100,"column":35},"end":{"line":173,"column":null}}},"5":{"name":"(anonymous_17)","decl":{"start":{"line":127,"column":53},"end":{"line":127,"column":54}},"loc":{"start":{"line":127,"column":68},"end":{"line":127,"column":102}}},"6":{"name":"(anonymous_18)","decl":{"start":{"line":156,"column":44},"end":{"line":156,"column":48}},"loc":{"start":{"line":156,"column":53},"end":{"line":161,"column":17}}},"7":{"name":"(anonymous_19)","decl":{"start":{"line":178,"column":9},"end":{"line":178,"column":21}},"loc":{"start":{"line":178,"column":38},"end":{"line":189,"column":null}}},"8":{"name":"(anonymous_21)","decl":{"start":{"line":194,"column":9},"end":{"line":194,"column":18}},"loc":{"start":{"line":194,"column":35},"end":{"line":222,"column":null}}},"9":{"name":"(anonymous_23)","decl":{"start":{"line":227,"column":9},"end":{"line":227,"column":21}},"loc":{"start":{"line":227,"column":58},"end":{"line":274,"column":null}}}},"branchMap":{"0":{"loc":{"start":{"line":119,"column":9},"end":{"line":121,"column":10}},"type":"if","locations":[{"start":{"line":119,"column":9},"end":{"line":121,"column":10}}]},"1":{"loc":{"start":{"line":130,"column":9},"end":{"line":145,"column":10}},"type":"switch","locations":[{"start":{"line":131,"column":12},"end":{"line":133,"column":21}},{"start":{"line":135,"column":12},"end":{"line":137,"column":21}},{"start":{"line":139,"column":12},"end":{"line":141,"column":21}},{"start":{"line":143,"column":12},"end":{"line":144,"column":58}}]},"2":{"loc":{"start":{"line":160,"column":34},"end":{"line":160,"column":58}},"type":"binary-expr","locations":[{"start":{"line":160,"column":34},"end":{"line":160,"column":53}},{"start":{"line":160,"column":57},"end":{"line":160,"column":58}}]},"3":{"loc":{"start":{"line":239,"column":9},"end":{"line":241,"column":10}},"type":"if","locations":[{"start":{"line":239,"column":9},"end":{"line":241,"column":10}}]},"4":{"loc":{"start":{"line":260,"column":9},"end":{"line":262,"column":10}},"type":"if","locations":[{"start":{"line":260,"column":9},"end":{"line":262,"column":10}}]}},"s":{"0":1,"1":1,"2":1,"3":1,"4":1,"5":1,"6":1,"7":1,"8":0,"9":0,"10":0,"11":0,"12":0,"13":0,"14":0,"15":0,"16":0,"17":0,"18":0,"19":0,"20":0,"21":0,"22":0,"23":0,"24":0,"25":0,"26":0,"27":0,"28":0,"29":0,"30":0,"31":0,"32":0,"33":0,"34":0,"35":0,"36":0,"37":0,"38":0,"39":0,"40":0,"41":0,"42":0,"43":0,"44":0,"45":0,"46":0,"47":0,"48":0,"49":0,"50":0,"51":0,"52":0,"53":0,"54":0,"55":0,"56":0,"57":0,"58":0,"59":0,"60":0,"61":0,"62":0,"63":0,"64":0,"65":0,"66":0,"67":0,"68":0,"69":0,"70":0,"71":0,"72":0,"73":1},"f":{"0":1,"1":0,"2":0,"3":0,"4":0,"5":0,"6":0,"7":0,"8":0,"9":0},"b":{"0":[0],"1":[0,0,0,0],"2":[0,0],"3":[0],"4":[0]}}
,"/data/projects/ppt/coupon-management/src/utils/response.helper.ts": {"path":"/data/projects/ppt/coupon-management/src/utils/response.helper.ts","statementMap":{"0":{"start":{"line":3,"column":0},"end":{"line":3,"column":59}},"1":{"start":{"line":16,"column":15},"end":{"line":20,"column":2}},"2":{"start":{"line":18,"column":6},"end":{"line":18,"column":37}},"3":{"start":{"line":21,"column":13},"end":{"line":39,"column":2}},"4":{"start":{"line":23,"column":4},"end":{"line":27,"column":7}},"5":{"start":{"line":32,"column":4},"end":{"line":32,"column":24}},"6":{"start":{"line":34,"column":4},"end":{"line":37,"column":7}},"7":{"start":{"line":40,"column":28},"end":{"line":43,"column":3}},"8":{"start":{"line":41,"column":4},"end":{"line":41,"column":29}},"9":{"start":{"line":42,"column":4},"end":{"line":42,"column":61}},"10":{"start":{"line":40,"column":13},"end":{"line":40,"column":28}}},"fnMap":{"0":{"name":"(anonymous_0)","decl":{"start":{"line":17,"column":11},"end":{"line":17,"column":12}},"loc":{"start":{"line":17,"column":28},"end":{"line":19,"column":5}}},"1":{"name":"(anonymous_1)","decl":{"start":{"line":22,"column":11},"end":{"line":22,"column":12}},"loc":{"start":{"line":22,"column":77},"end":{"line":28,"column":3}}},"2":{"name":"(anonymous_2)","decl":{"start":{"line":30,"column":9},"end":{"line":30,"column":10}},"loc":{"start":{"line":30,"column":74},"end":{"line":38,"column":3}}},"3":{"name":"(anonymous_3)","decl":{"start":{"line":40,"column":28},"end":{"line":40,"column":29}},"loc":{"start":{"line":40,"column":92},"end":{"line":43,"column":3}}}},"branchMap":{"0":{"loc":{"start":{"line":25,"column":15},"end":{"line":25,"column":50}},"type":"binary-expr","locations":[{"start":{"line":25,"column":15},"end":{"line":25,"column":22}},{"start":{"line":25,"column":26},"end":{"line":25,"column":50}}]},"1":{"loc":{"start":{"line":36,"column":15},"end":{"line":36,"column":48}},"type":"binary-expr","locations":[{"start":{"line":36,"column":15},"end":{"line":36,"column":22}},{"start":{"line":36,"column":26},"end":{"line":36,"column":48}}]}},"s":{"0":1,"1":1,"2":0,"3":1,"4":0,"5":0,"6":0,"7":1,"8":0,"9":0,"10":1},"f":{"0":0,"1":0,"2":0,"3":0},"b":{"0":[0,0],"1":[0,0]}}
,"/data/projects/ppt/coupon-management/src/utils/statusCodes.ts": {"path":"/data/projects/ppt/coupon-management/src/utils/statusCodes.ts","statementMap":{"0":{"start":{"line":1,"column":0},"end":{"line":1,"column":null}},"1":{"start":{"line":2,"column":4},"end":{"line":2,"column":null}},"2":{"start":{"line":3,"column":4},"end":{"line":3,"column":null}},"3":{"start":{"line":4,"column":4},"end":{"line":4,"column":null}},"4":{"start":{"line":5,"column":4},"end":{"line":5,"column":null}},"5":{"start":{"line":6,"column":4},"end":{"line":6,"column":null}},"6":{"start":{"line":7,"column":4},"end":{"line":7,"column":null}},"7":{"start":{"line":8,"column":4},"end":{"line":8,"column":null}},"8":{"start":{"line":9,"column":4},"end":{"line":9,"column":null}}},"fnMap":{"0":{"name":"(anonymous_0)","decl":{"start":{"line":1,"column":0},"end":{"line":1,"column":12}},"loc":{"start":{"line":1,"column":23},"end":{"line":10,"column":3}}}},"branchMap":{"0":{"loc":{"start":{"line":1,"column":12},"end":{"line":1,"column":null}},"type":"binary-expr","locations":[{"start":{"line":1,"column":12},"end":{"line":1,"column":23}},{"start":{"line":1,"column":23},"end":{"line":1,"column":null}}]}},"s":{"0":1,"1":1,"2":1,"3":1,"4":1,"5":1,"6":1,"7":1,"8":1},"f":{"0":1},"b":{"0":[1,1]}}
,"/data/projects/ppt/coupon-management/src/utils/constants/coupon.ts": {"path":"/data/projects/ppt/coupon-management/src/utils/constants/coupon.ts","statementMap":{"0":{"start":{"line":1,"column":13},"end":{"line":5,"column":2}},"1":{"start":{"line":6,"column":13},"end":{"line":9,"column":2}}},"fnMap":{},"branchMap":{},"s":{"0":1,"1":1},"f":{},"b":{}}
,"/data/projects/ppt/coupon-management/src/utils/constants/db_tables.ts": {"path":"/data/projects/ppt/coupon-management/src/utils/constants/db_tables.ts","statementMap":{"0":{"start":{"line":1,"column":13},"end":{"line":7,"column":2}}},"fnMap":{},"branchMap":{},"s":{"0":1},"f":{},"b":{}}
,"/data/projects/ppt/coupon-management/src/utils/constants/index.ts": {"path":"/data/projects/ppt/coupon-management/src/utils/constants/index.ts","statementMap":{"0":{"start":{"line":1,"column":0},"end":{"line":1,"column":27}}},"fnMap":{},"branchMap":{},"s":{"0":1},"f":{},"b":{}}
,"/data/projects/ppt/coupon-management/src/utils/enums/reponseMessages.ts": {"path":"/data/projects/ppt/coupon-management/src/utils/enums/reponseMessages.ts","statementMap":{"0":{"start":{"line":1,"column":0},"end":{"line":1,"column":null}},"1":{"start":{"line":2,"column":2},"end":{"line":2,"column":null}},"2":{"start":{"line":3,"column":2},"end":{"line":3,"column":null}},"3":{"start":{"line":6,"column":0},"end":{"line":6,"column":null}},"4":{"start":{"line":7,"column":2},"end":{"line":7,"column":null}},"5":{"start":{"line":8,"column":2},"end":{"line":8,"column":null}}},"fnMap":{"0":{"name":"(anonymous_0)","decl":{"start":{"line":1,"column":0},"end":{"line":1,"column":12}},"loc":{"start":{"line":1,"column":28},"end":{"line":4,"column":1}}},"1":{"name":"(anonymous_1)","decl":{"start":{"line":6,"column":0},"end":{"line":6,"column":12}},"loc":{"start":{"line":6,"column":26},"end":{"line":9,"column":1}}}},"branchMap":{"0":{"loc":{"start":{"line":1,"column":12},"end":{"line":1,"column":null}},"type":"binary-expr","locations":[{"start":{"line":1,"column":12},"end":{"line":1,"column":28}},{"start":{"line":1,"column":28},"end":{"line":1,"column":null}}]},"1":{"loc":{"start":{"line":6,"column":12},"end":{"line":6,"column":null}},"type":"binary-expr","locations":[{"start":{"line":6,"column":12},"end":{"line":6,"column":26}},{"start":{"line":6,"column":26},"end":{"line":6,"column":null}}]}},"s":{"0":2,"1":2,"2":2,"3":2,"4":2,"5":2},"f":{"0":2,"1":2},"b":{"0":[2,2],"1":[2,2]}}
}
