TN:
SF:src/config/db.ts
FNF:0
FNH:0
DA:2,2
DA:11,2
DA:12,0
LF:3
LH:2
BRDA:3,0,0,2
BRDA:3,0,1,0
BRDA:4,1,0,2
BRDA:4,1,1,0
BRDA:5,2,0,2
BRDA:5,2,1,0
BRDA:6,3,0,2
BRDA:6,3,1,0
BRDA:7,4,0,2
BRDA:7,4,1,0
BRDA:11,5,0,0
BRDA:11,6,0,2
BRDA:11,6,1,2
BRDA:11,6,2,2
BRDA:11,6,3,2
BRF:15
BRH:9
end_of_record
TN:
SF:src/config/index.ts
FNF:0
FNH:0
DA:1,2
LF:1
LH:1
BRF:0
BRH:0
end_of_record
TN:
SF:src/db/db.conn.ts
FN:7,(anonymous_0)
FN:40,(anonymous_1)
FN:45,(anonymous_2)
FNF:3
FNH:1
FNDA:2,(anonymous_0)
FNDA:0,(anonymous_1)
FNDA:0,(anonymous_2)
DA:1,2
DA:2,2
DA:9,2
DA:38,2
DA:41,0
DA:46,0
DA:55,2
DA:56,2
DA:57,2
LF:9
LH:7
BRF:0
BRH:0
end_of_record
TN:
SF:src/models/bxgy_coupons_rules/bxgy_coupons_rules.ts
FNF:0
FNH:0
DA:1,1
DA:2,1
DA:3,1
DA:5,1
DA:9,1
DA:11,1
DA:36,1
DA:39,1
LF:8
LH:8
BRF:0
BRH:0
end_of_record
TN:
SF:src/models/cart_coupons_rules/cart_coupons_rules.ts
FNF:0
FNH:0
DA:1,1
DA:3,1
DA:4,1
DA:8,1
DA:10,1
DA:42,1
DA:45,1
LF:7
LH:7
BRF:0
BRH:0
end_of_record
TN:
SF:src/models/coupon/coupon.model.ts
FNF:0
FNH:0
DA:4,1
DA:5,1
DA:6,1
DA:7,1
DA:8,1
DA:9,1
DA:10,1
DA:14,1
DA:16,1
DA:61,1
DA:65,1
DA:66,1
DA:67,1
DA:70,1
LF:14
LH:14
BRF:0
BRH:0
end_of_record
TN:
SF:src/models/product_coupons_rules/product_coupons_rules.ts
FNF:0
FNH:0
DA:1,1
DA:3,1
DA:4,1
DA:8,1
DA:10,1
DA:40,1
DA:44,1
LF:7
LH:7
BRF:0
BRH:0
end_of_record
TN:
SF:src/modules/coupon/coupon.controller.ts
FN:9,(anonymous_8)
FN:20,(anonymous_9)
FN:44,(anonymous_11)
FN:68,(anonymous_13)
FN:93,(anonymous_15)
FN:115,(anonymous_17)
FN:135,(anonymous_19)
FN:157,(anonymous_21)
FNF:8
FNH:2
FNDA:1,(anonymous_8)
FNDA:2,(anonymous_9)
FNDA:0,(anonymous_11)
FNDA:0,(anonymous_13)
FNDA:0,(anonymous_15)
FNDA:0,(anonymous_17)
FNDA:0,(anonymous_19)
FNDA:0,(anonymous_21)
DA:2,1
DA:3,1
DA:4,1
DA:5,1
DA:21,2
DA:22,2
DA:23,1
DA:29,1
DA:45,0
DA:46,0
DA:47,0
DA:53,0
DA:69,0
DA:70,0
DA:71,0
DA:72,0
DA:78,0
DA:94,0
DA:95,0
DA:96,0
DA:97,0
DA:98,0
DA:104,0
DA:116,0
DA:117,0
DA:118,0
DA:119,0
DA:124,0
DA:136,0
DA:137,0
DA:138,0
DA:139,0
DA:145,0
DA:158,0
DA:159,0
DA:160,0
DA:161,0
DA:167,0
DA:168,0
DA:170,0
DA:175,0
DA:184,1
LF:42
LH:9
BRDA:142,0,0,0
BRDA:142,0,1,0
BRDA:160,1,0,0
BRF:3
BRH:0
end_of_record
TN:
SF:src/modules/coupon/coupon.helper.ts
FN:11,(anonymous_7)
FN:18,(anonymous_8)
FN:51,(anonymous_10)
FN:63,(anonymous_11)
FN:82,(anonymous_12)
FN:127,(anonymous_14)
FN:137,(anonymous_15)
FN:156,(anonymous_16)
FN:162,(anonymous_18)
FN:192,(anonymous_19)
FN:192,(anonymous_20)
FN:193,(anonymous_21)
FN:194,(anonymous_22)
FN:199,(anonymous_23)
FN:207,(anonymous_24)
FN:218,(anonymous_25)
FN:242,(anonymous_26)
FN:253,(anonymous_27)
FN:255,(anonymous_29)
FN:286,(anonymous_30)
FN:324,(anonymous_31)
FN:330,(anonymous_33)
FN:359,(anonymous_34)
FN:398,(anonymous_35)
FN:402,(anonymous_36)
FN:421,(anonymous_37)
FN:427,(anonymous_38)
FN:449,(anonymous_39)
FN:450,(anonymous_40)
FN:451,(anonymous_41)
FN:456,(anonymous_42)
FN:457,(anonymous_43)
FN:464,(anonymous_44)
FN:465,(anonymous_45)
FN:475,(anonymous_46)
FN:476,(anonymous_47)
FNF:36
FNH:1
FNDA:1,(anonymous_7)
FNDA:0,(anonymous_8)
FNDA:0,(anonymous_10)
FNDA:0,(anonymous_11)
FNDA:0,(anonymous_12)
FNDA:0,(anonymous_14)
FNDA:0,(anonymous_15)
FNDA:0,(anonymous_16)
FNDA:0,(anonymous_18)
FNDA:0,(anonymous_19)
FNDA:0,(anonymous_20)
FNDA:0,(anonymous_21)
FNDA:0,(anonymous_22)
FNDA:0,(anonymous_23)
FNDA:0,(anonymous_24)
FNDA:0,(anonymous_25)
FNDA:0,(anonymous_26)
FNDA:0,(anonymous_27)
FNDA:0,(anonymous_29)
FNDA:0,(anonymous_30)
FNDA:0,(anonymous_31)
FNDA:0,(anonymous_33)
FNDA:0,(anonymous_34)
FNDA:0,(anonymous_35)
FNDA:0,(anonymous_36)
FNDA:0,(anonymous_37)
FNDA:0,(anonymous_38)
FNDA:0,(anonymous_39)
FNDA:0,(anonymous_40)
FNDA:0,(anonymous_41)
FNDA:0,(anonymous_42)
FNDA:0,(anonymous_43)
FNDA:0,(anonymous_44)
FNDA:0,(anonymous_45)
FNDA:0,(anonymous_46)
FNDA:0,(anonymous_47)
DA:1,1
DA:2,1
DA:3,1
DA:4,1
DA:5,1
DA:6,1
DA:23,0
DA:25,0
DA:26,0
DA:34,0
DA:37,0
DA:38,0
DA:46,0
DA:49,0
DA:50,0
DA:52,0
DA:62,0
DA:64,0
DA:75,0
DA:87,0
DA:89,0
DA:90,0
DA:94,0
DA:102,0
DA:105,0
DA:106,0
DA:110,0
DA:118,0
DA:121,0
DA:122,0
DA:126,0
DA:128,0
DA:138,0
DA:149,0
DA:157,0
DA:158,0
DA:161,0
DA:162,0
DA:169,0
DA:192,0
DA:193,0
DA:194,0
DA:196,0
DA:199,0
DA:200,0
DA:201,0
DA:204,0
DA:206,0
DA:208,0
DA:209,0
DA:214,0
DA:215,0
DA:218,0
DA:219,0
DA:221,0
DA:222,0
DA:223,0
DA:226,0
DA:232,0
DA:233,0
DA:240,0
DA:242,0
DA:243,0
DA:245,0
DA:246,0
DA:254,0
DA:255,0
DA:256,0
DA:257,0
DA:286,0
DA:287,0
DA:288,0
DA:289,0
DA:291,0
DA:293,0
DA:294,0
DA:297,0
DA:300,0
DA:301,0
DA:306,0
DA:314,0
DA:316,0
DA:317,0
DA:325,0
DA:326,0
DA:329,0
DA:330,0
DA:336,0
DA:359,0
DA:360,0
DA:361,0
DA:363,0
DA:364,0
DA:365,0
DA:366,0
DA:367,0
DA:368,0
DA:371,0
DA:373,0
DA:374,0
DA:380,0
DA:388,0
DA:390,0
DA:391,0
DA:399,0
DA:400,0
DA:402,0
DA:404,0
DA:405,0
DA:407,0
DA:410,0
DA:411,0
DA:415,0
DA:422,0
DA:423,0
DA:425,0
DA:427,0
DA:428,0
DA:429,0
DA:431,0
DA:434,0
DA:435,0
DA:436,0
DA:439,0
DA:443,0
DA:450,0
DA:451,0
DA:453,0
DA:456,0
DA:457,0
DA:458,0
DA:461,0
DA:463,0
DA:465,0
DA:466,0
DA:471,0
DA:472,0
DA:475,0
DA:476,0
DA:478,0
DA:479,0
DA:480,0
DA:483,0
DA:484,0
DA:487,0
DA:492,0
DA:496,1
LF:147
LH:7
BRDA:23,0,0,0
BRDA:23,0,1,0
BRDA:23,0,2,0
BRDA:25,1,0,0
BRDA:37,2,0,0
BRDA:49,3,0,0
BRDA:87,4,0,0
BRDA:87,4,1,0
BRDA:87,4,2,0
BRDA:89,5,0,0
BRDA:105,6,0,0
BRDA:121,7,0,0
BRDA:201,8,0,0
BRDA:201,8,1,0
BRDA:204,9,0,0
BRDA:209,10,0,0
BRDA:209,10,1,0
BRDA:209,11,0,0
BRDA:209,11,1,0
BRDA:209,12,0,0
BRDA:209,12,1,0
BRDA:209,13,0,0
BRDA:209,13,1,0
BRDA:214,14,0,0
BRDA:214,14,1,0
BRDA:221,15,0,0
BRDA:232,16,0,0
BRDA:232,16,1,0
BRDA:288,17,0,0
BRDA:288,17,1,0
BRDA:288,18,0,0
BRDA:288,18,1,0
BRDA:291,19,0,0
BRDA:293,20,0,0
BRDA:293,20,1,0
BRDA:300,21,0,0
BRDA:300,22,0,0
BRDA:300,22,1,0
BRDA:363,23,0,0
BRDA:365,24,0,0
BRDA:367,25,0,0
BRDA:367,25,1,0
BRDA:373,26,0,0
BRDA:373,27,0,0
BRDA:373,27,1,0
BRDA:400,28,0,0
BRDA:404,29,0,0
BRDA:405,30,0,0
BRDA:405,30,1,0
BRDA:411,31,0,0
BRDA:411,31,1,0
BRDA:423,32,0,0
BRDA:428,33,0,0
BRDA:429,34,0,0
BRDA:429,34,1,0
BRDA:435,35,0,0
BRDA:458,36,0,0
BRDA:458,36,1,0
BRDA:461,37,0,0
BRDA:466,38,0,0
BRDA:466,38,1,0
BRDA:466,39,0,0
BRDA:466,39,1,0
BRDA:466,40,0,0
BRDA:466,40,1,0
BRDA:466,41,0,0
BRDA:466,41,1,0
BRDA:471,42,0,0
BRDA:471,42,1,0
BRDA:478,43,0,0
BRF:70
BRH:0
end_of_record
TN:
SF:src/modules/coupon/coupon.service.ts
FN:13,(anonymous_8)
FN:21,(anonymous_9)
FN:54,(anonymous_11)
FN:85,(anonymous_13)
FN:100,(anonymous_15)
FN:127,(anonymous_17)
FN:156,(anonymous_18)
FN:178,(anonymous_19)
FN:194,(anonymous_21)
FN:227,(anonymous_23)
FNF:10
FNH:1
FNDA:1,(anonymous_8)
FNDA:0,(anonymous_9)
FNDA:0,(anonymous_11)
FNDA:0,(anonymous_13)
FNDA:0,(anonymous_15)
FNDA:0,(anonymous_17)
FNDA:0,(anonymous_18)
FNDA:0,(anonymous_19)
FNDA:0,(anonymous_21)
FNDA:0,(anonymous_23)
DA:1,1
DA:2,1
DA:3,1
DA:4,1
DA:5,1
DA:6,1
DA:7,1
DA:9,1
DA:22,0
DA:23,0
DA:25,0
DA:39,0
DA:41,0
DA:42,0
DA:45,0
DA:46,0
DA:55,0
DA:56,0
DA:75,0
DA:77,0
DA:86,0
DA:87,0
DA:88,0
DA:89,0
DA:90,0
DA:91,0
DA:93,0
DA:101,0
DA:102,0
DA:105,0
DA:119,0
DA:120,0
DA:123,0
DA:124,0
DA:127,0
DA:130,0
DA:132,0
DA:133,0
DA:136,0
DA:137,0
DA:140,0
DA:141,0
DA:144,0
DA:148,0
DA:151,0
DA:154,0
DA:156,0
DA:168,0
DA:170,0
DA:171,0
DA:179,0
DA:180,0
DA:186,0
DA:187,0
DA:195,0
DA:196,0
DA:219,0
DA:220,0
DA:228,0
DA:229,0
DA:232,0
DA:239,0
DA:240,0
DA:244,0
DA:260,0
DA:261,0
DA:265,0
DA:267,0
DA:268,0
DA:270,0
DA:271,0
DA:272,0
DA:276,1
LF:73
LH:9
BRDA:119,0,0,0
BRDA:130,1,0,0
BRDA:130,1,1,0
BRDA:130,1,2,0
BRDA:130,1,3,0
BRDA:160,2,0,0
BRDA:160,2,1,0
BRDA:239,3,0,0
BRDA:260,4,0,0
BRF:9
BRH:0
end_of_record
TN:
SF:src/utils/response.helper.ts
FN:17,(anonymous_0)
FN:22,(anonymous_1)
FN:30,(anonymous_2)
FN:40,(anonymous_3)
FNF:4
FNH:0
FNDA:0,(anonymous_0)
FNDA:0,(anonymous_1)
FNDA:0,(anonymous_2)
FNDA:0,(anonymous_3)
DA:3,1
DA:16,1
DA:18,0
DA:21,1
DA:23,0
DA:32,0
DA:34,0
DA:40,1
DA:41,0
DA:42,0
LF:10
LH:4
BRDA:25,0,0,0
BRDA:25,0,1,0
BRDA:36,1,0,0
BRDA:36,1,1,0
BRF:4
BRH:0
end_of_record
TN:
SF:src/utils/statusCodes.ts
FN:1,(anonymous_0)
FNF:1
FNH:1
FNDA:1,(anonymous_0)
DA:1,1
DA:2,1
DA:3,1
DA:4,1
DA:5,1
DA:6,1
DA:7,1
DA:8,1
DA:9,1
LF:9
LH:9
BRDA:1,0,0,1
BRDA:1,0,1,1
BRF:2
BRH:2
end_of_record
TN:
SF:src/utils/constants/coupon.ts
FNF:0
FNH:0
DA:1,1
DA:6,1
LF:2
LH:2
BRF:0
BRH:0
end_of_record
TN:
SF:src/utils/constants/db_tables.ts
FNF:0
FNH:0
DA:1,1
LF:1
LH:1
BRF:0
BRH:0
end_of_record
TN:
SF:src/utils/constants/index.ts
FNF:0
FNH:0
DA:1,1
LF:1
LH:1
BRF:0
BRH:0
end_of_record
TN:
SF:src/utils/enums/reponseMessages.ts
FN:1,(anonymous_0)
FN:6,(anonymous_1)
FNF:2
FNH:2
FNDA:2,(anonymous_0)
FNDA:2,(anonymous_1)
DA:1,2
DA:2,2
DA:3,2
DA:6,2
DA:7,2
DA:8,2
LF:6
LH:6
BRDA:1,0,0,2
BRDA:1,0,1,2
BRDA:6,1,0,2
BRDA:6,1,1,2
BRF:4
BRH:4
end_of_record
